<?xml version="1.0" encoding="UTF-8"?>
<!-- Generated by org.testng.reporters.JUnitReportReporter -->
<testsuite hostname="JAI" failures="0" tests="1" name="com.w2a.Testcase.LoginTest" time="5.135" errors="0" timestamp="2024-10-01T06:47:01 IST" skipped="0">
  <testcase classname="com.w2a.Testcase.LoginTest" name="LoginTricentisApp" time="5.135"/>
  <system-out/>
</testsuite> <!-- com.w2a.Testcase.LoginTest -->
